{
  "stats": {
    "suites": 1,
    "tests": 1,
    "passes": 1,
    "pending": 0,
    "failures": 0,
    "start": "2025-02-14T16:56:14.240Z",
    "end": "2025-02-14T16:56:22.084Z",
    "duration": 7844,
    "testsRegistered": 1,
    "passPercent": 100,
    "pendingPercent": 0,
    "other": 0,
    "hasOther": false,
    "skipped": 0,
    "hasSkipped": false
  },
  "results": [
    {
      "uuid": "5201046f-7c77-4f6a-bfc0-b49193d98b32",
      "title": "",
      "fullFile": "cypress\\e2e\\education\\ScreenVideo.cy.js",
      "file": "cypress\\e2e\\education\\ScreenVideo.cy.js",
      "beforeHooks": [],
      "afterHooks": [],
      "tests": [],
      "suites": [
        {
          "uuid": "7d107ff7-eaa1-43f3-b91f-72ece21a5520",
          "title": "Screenshot & Video",
          "fullFile": "",
          "file": "",
          "beforeHooks": [],
          "afterHooks": [],
          "tests": [
            {
              "title": "Capture screenshote & Video",
              "fullTitle": "Screenshot & Video Capture screenshote & Video",
              "timedOut": null,
              "duration": 5702,
              "state": "passed",
              "speed": "medium",
              "pass": true,
              "fail": false,
              "pending": false,
              "context": "[\n  {\n    \"title\": \"cypress-mochawesome-reporter-videos-passed\",\n    \"value\": \"cypress\\\\e2e\\\\education\\\\ScreenVideo.cy.js\"\n  },\n  {\n    \"title\": \"cypress-mochawesome-reporter-screenshots\",\n    \"value\": [\n      [\n        \"\\\\ScreenVideo.cy.js\\\\iframe.png\",\n        \"\\\\ScreenVideo.cy.js\\\\message-block.png\"\n      ]\n    ]\n  }\n]",
              "code": "cy.visit(\"https://the-internet.herokuapp.com/iframe\");\ncy.screenshot(\"iframe\");\ncy.get(\"h3\").screenshot(\"message-block\");",
              "err": {},
              "uuid": "e340db75-2b9a-4581-af4f-e2513b4ccdb1",
              "parentUUID": "7d107ff7-eaa1-43f3-b91f-72ece21a5520",
              "isHook": false,
              "skipped": false
            }
          ],
          "suites": [],
          "passes": [
            "e340db75-2b9a-4581-af4f-e2513b4ccdb1"
          ],
          "failures": [],
          "pending": [],
          "skipped": [],
          "duration": 5702,
          "root": false,
          "rootEmpty": false,
          "_timeout": 2000
        }
      ],
      "passes": [],
      "failures": [],
      "pending": [],
      "skipped": [],
      "duration": 0,
      "root": true,
      "rootEmpty": true,
      "_timeout": 2000
    }
  ],
  "meta": {
    "mocha": {
      "version": "7.0.1"
    },
    "mochawesome": {
      "options": {
        "quiet": false,
        "reportFilename": "mochawesome",
        "saveHtml": false,
        "saveJson": true,
        "consoleReporter": "spec",
        "useInlineDiffs": false,
        "code": true
      },
      "version": "7.1.3"
    },
    "marge": {
      "options": {
        "overwrite": false,
        "html": false,
        "json": true,
        "reportDir": "cypress\\reports\\html\\.jsons"
      },
      "version": "6.2.0"
    }
  }
}