{
  "stats": {
    "suites": 1,
    "tests": 1,
    "passes": 1,
    "pending": 0,
    "failures": 0,
    "start": "2025-02-14T16:57:38.707Z",
    "end": "2025-02-14T16:57:47.077Z",
    "duration": 8370,
    "testsRegistered": 1,
    "passPercent": 100,
    "pendingPercent": 0,
    "other": 0,
    "hasOther": false,
    "skipped": 0,
    "hasSkipped": false
  },
  "results": [
    {
      "uuid": "525aa910-d32f-461f-be2b-6cd73b626bbf",
      "title": "",
      "fullFile": "cypress\\e2e\\education\\ScreenVideo.cy.js",
      "file": "cypress\\e2e\\education\\ScreenVideo.cy.js",
      "beforeHooks": [],
      "afterHooks": [],
      "tests": [],
      "suites": [
        {
          "uuid": "bcc6e022-0d86-4de0-8064-a02d1bfb9a57",
          "title": "Screenshot & Video",
          "fullFile": "",
          "file": "",
          "beforeHooks": [],
          "afterHooks": [],
          "tests": [
            {
              "title": "Capture screenshote & Video",
              "fullTitle": "Screenshot & Video Capture screenshote & Video",
              "timedOut": null,
              "duration": 5998,
              "state": "passed",
              "speed": "medium",
              "pass": true,
              "fail": false,
              "pending": false,
              "context": "{\n  \"title\": \"cypress-mochawesome-reporter-screenshots\",\n  \"value\": [\n    [\n      \"\\\\ScreenVideo.cy.js\\\\iframe.png\",\n      \"\\\\ScreenVideo.cy.js\\\\message-block.png\"\n    ]\n  ]\n}",
              "code": "cy.visit(\"https://the-internet.herokuapp.com/iframe\");\ncy.screenshot(\"iframe\");\ncy.get(\"h3\").screenshot(\"message-block\");",
              "err": {},
              "uuid": "13c6003e-4542-419f-bf09-cd0bddf93734",
              "parentUUID": "bcc6e022-0d86-4de0-8064-a02d1bfb9a57",
              "isHook": false,
              "skipped": false
            }
          ],
          "suites": [],
          "passes": [
            "13c6003e-4542-419f-bf09-cd0bddf93734"
          ],
          "failures": [],
          "pending": [],
          "skipped": [],
          "duration": 5998,
          "root": false,
          "rootEmpty": false,
          "_timeout": 2000
        }
      ],
      "passes": [],
      "failures": [],
      "pending": [],
      "skipped": [],
      "duration": 0,
      "root": true,
      "rootEmpty": true,
      "_timeout": 2000
    }
  ],
  "meta": {
    "mocha": {
      "version": "7.0.1"
    },
    "mochawesome": {
      "options": {
        "quiet": false,
        "reportFilename": "mochawesome",
        "saveHtml": false,
        "saveJson": true,
        "consoleReporter": "spec",
        "useInlineDiffs": false,
        "code": true
      },
      "version": "7.1.3"
    },
    "marge": {
      "options": {
        "overwrite": false,
        "html": false,
        "json": true,
        "reportDir": "cypress\\reports\\html\\.jsons"
      },
      "version": "6.2.0"
    }
  }
}