{
  "stats": {
    "suites": 1,
    "tests": 2,
    "passes": 1,
    "pending": 0,
    "failures": 1,
    "start": "2025-02-14T16:39:17.751Z",
    "end": "2025-02-14T16:39:28.351Z",
    "duration": 10600,
    "testsRegistered": 2,
    "passPercent": 50,
    "pendingPercent": 0,
    "other": 0,
    "hasOther": false,
    "skipped": 0,
    "hasSkipped": false
  },
  "results": [
    {
      "uuid": "d57cdc4f-efc1-4f7e-93f5-02b5a68b7d2f",
      "title": "",
      "fullFile": "cypress\\e2e\\education\\Fixture.cy.js",
      "file": "cypress\\e2e\\education\\Fixture.cy.js",
      "beforeHooks": [],
      "afterHooks": [],
      "tests": [],
      "suites": [
        {
          "uuid": "78d6d218-5f95-4455-9e56-335dda5e854b",
          "title": "Use Fixture",
          "fullFile": "",
          "file": "",
          "beforeHooks": [],
          "afterHooks": [],
          "tests": [
            {
              "title": "Direct access",
              "fullTitle": "Use Fixture Direct access",
              "timedOut": null,
              "duration": 4563,
              "state": "passed",
              "speed": "fast",
              "pass": true,
              "fail": false,
              "pending": false,
              "context": null,
              "code": "cy.visit(\"https://opensource-demo.orangehrmlive.com/web/index.php/auth/login\");\ncy.fixture(\"Access1\").then(data => {\n  cy.get('input[placeholder=\"Username\"]').type(data.username);\n  cy.get('input[placeholder=\"Password\"]').type(data.password);\n  cy.get('button[type=\"submit\"]').click();\n  cy.get(\":nth-child(2) > .oxd-main-menu-item\").should(\"have.text\", data.expected);\n});",
              "err": {},
              "uuid": "f9a82f60-1975-4e30-9e2e-90483f42741c",
              "parentUUID": "78d6d218-5f95-4455-9e56-335dda5e854b",
              "isHook": false,
              "skipped": false
            },
            {
              "title": "Multiple Direct Access",
              "fullTitle": "Use Fixture Multiple Direct Access",
              "timedOut": null,
              "duration": 3739,
              "state": "failed",
              "speed": null,
              "pass": false,
              "fail": true,
              "pending": false,
              "context": null,
              "code": "cy.fixture(\"Access2\").then(data => {\n  cy.visit(\"https://opensource-demo.orangehrmlive.com/web/index.php/auth/login\");\n  data.forEach(item => {\n    cy.get('input[placeholder=\"Username\"]').type(item.username);\n    cy.get('input[placeholder=\"Password\"]').type(item.password);\n    cy.get('button[type=\"submit\"]').click();\n    if (item.username == \"Admin\" && item.password == \"admin123\") {\n      cy.get(\":nth-child(2) >.oxd-main-menu-item\").should(\"have.text\", item.expected);\n      cy.get(\".oxd-icon.bi-caret-down-fill.oxd-userdropdown-icon\").click();\n      cy.get(\"a[href$='/web/index.php/auth/logout']\").click();\n      cy.wait(3000);\n    } else {\n      cy.get(\".oxd-text.oxd-text--p.oxd-alert-content-text\").should(\"have.text\", \"item.expected\");\n    }\n  });\n});",
              "err": {
                "message": "TypeError: The following error originated from your application code, not from Cypress. It was caused by an unhandled promise rejection.\n\n  > Cannot read properties of undefined (reading 'response')\n\nWhen Cypress detects uncaught errors originating from your application it will automatically fail the current test.\n\nThis behavior is configurable, and you can choose to turn this off by listening to the `uncaught:exception` event.\n\nhttps://on.cypress.io/uncaught-exception-from-application",
                "estack": "TypeError: The following error originated from your application code, not from Cypress. It was caused by an unhandled promise rejection.\n\n  > Cannot read properties of undefined (reading 'response')\n\nWhen Cypress detects uncaught errors originating from your application it will automatically fail the current test.\n\nThis behavior is configurable, and you can choose to turn this off by listening to the `uncaught:exception` event.\n\nhttps://on.cypress.io/uncaught-exception-from-application\n    at <unknown> (https://opensource-demo.orangehrmlive.com/web/dist/js/app.js?v=1721393199309:1:11603)\n    at async Dt.request (https://opensource-demo.orangehrmlive.com/web/dist/js/chunk-vendors.js?v=1721393199309:144:77071)\n    at Dt.request (https://opensource-demo.orangehrmlive.com/web/dist/js/chunk-vendors.js?v=1721393199309:144:77164)",
                "diff": null
              },
              "uuid": "953c529d-e77d-4e1e-ac20-6bdeef3756c4",
              "parentUUID": "78d6d218-5f95-4455-9e56-335dda5e854b",
              "isHook": false,
              "skipped": false
            }
          ],
          "suites": [],
          "passes": [
            "f9a82f60-1975-4e30-9e2e-90483f42741c"
          ],
          "failures": [
            "953c529d-e77d-4e1e-ac20-6bdeef3756c4"
          ],
          "pending": [],
          "skipped": [],
          "duration": 8302,
          "root": false,
          "rootEmpty": false,
          "_timeout": 2000
        }
      ],
      "passes": [],
      "failures": [],
      "pending": [],
      "skipped": [],
      "duration": 0,
      "root": true,
      "rootEmpty": true,
      "_timeout": 2000
    }
  ],
  "meta": {
    "mocha": {
      "version": "7.0.1"
    },
    "mochawesome": {
      "options": {
        "quiet": false,
        "reportFilename": "mochawesome",
        "saveHtml": false,
        "saveJson": true,
        "consoleReporter": "spec",
        "useInlineDiffs": false,
        "code": true
      },
      "version": "7.1.3"
    },
    "marge": {
      "options": {
        "overwrite": false,
        "html": false,
        "json": true,
        "reportDir": "cypress\\reports\\html\\.jsons"
      },
      "version": "6.2.0"
    }
  }
}